Build started 7/9/2015 11:45:59 AM.
     1>Project "C:\Users\u7ashtuk\Desktop\Files\AlgorithmsOld\GrahamScan\GrahamScan.vcxproj" on node 7 (build target(s)).
     1>InitializeBuildStatus:
         Creating "Debug\GrahamScan.unsuccessfulbuild" because "AlwaysCreate" was specified.
       ClCompile:
         All outputs are up-to-date.
         c:\Program Files (x86)\Microsoft Visual Studio 10.0\VC\bin\CL.exe /c /ZI /nologo /W3 /WX- /Od /Oy- /D WIN32 /D _DEBUG /D _CONSOLE /D _UNICODE /D UNICODE /Gm /EHsc /RTC1 /MDd /GS /fp:precise /Zc:wchar_t /Zc:forScope /Yu"StdAfx.h" /Fp"Debug\GrahamScan.pch" /Fo"Debug\\" /Fd"Debug\vc100.pdb" /Gd /TP /analyze- /errorReport:prompt GrahamScan.cpp
         GrahamScan.cpp
     1>c:\users\u7ashtuk\desktop\files\algorithmsold\grahamscan\grahamscan.cpp(107): warning C4018: '<=' : signed/unsigned mismatch
     1>c:\users\u7ashtuk\desktop\files\algorithmsold\grahamscan\grahamscan.cpp(120): warning C4018: '<=' : signed/unsigned mismatch
     1>c:\users\u7ashtuk\desktop\files\algorithmsold\grahamscan\grahamscan.cpp(127): warning C4018: '<=' : signed/unsigned mismatch
       ManifestResourceCompile:
         All outputs are up-to-date.
       Link:
         c:\Program Files (x86)\Microsoft Visual Studio 10.0\VC\bin\link.exe /ERRORREPORT:PROMPT /OUT:"C:\Users\u7ashtuk\Desktop\Files\AlgorithmsOld\Debug\GrahamScan.exe" /INCREMENTAL /NOLOGO kernel32.lib user32.lib gdi32.lib winspool.lib comdlg32.lib advapi32.lib shell32.lib ole32.lib oleaut32.lib uuid.lib odbc32.lib odbccp32.lib /MANIFEST /ManifestFile:"Debug\GrahamScan.exe.intermediate.manifest" /MANIFESTUAC:"level='asInvoker' uiAccess='false'" /DEBUG /PDB:"C:\Users\u7ashtuk\Desktop\Files\AlgorithmsOld\Debug\GrahamScan.pdb" /SUBSYSTEM:CONSOLE /TLBID:1 /DYNAMICBASE /NXCOMPAT /IMPLIB:"C:\Users\u7ashtuk\Desktop\Files\AlgorithmsOld\Debug\GrahamScan.lib" /MACHINE:X86 Debug\GrahamScan.exe.embed.manifest.res
         Debug\GrahamScan.obj
         Debug\stdafx.obj
       Manifest:
         C:\Program Files (x86)\Microsoft SDKs\Windows\v7.0A\bin\mt.exe /nologo /verbose /out:"Debug\GrahamScan.exe.embed.manifest" /manifest Debug\GrahamScan.exe.intermediate.manifest
         All outputs are up-to-date.
       LinkEmbedManifest:
         All outputs are up-to-date.
         GrahamScan.vcxproj -> C:\Users\u7ashtuk\Desktop\Files\AlgorithmsOld\Debug\GrahamScan.exe
       FinalizeBuildStatus:
         Deleting file "Debug\GrahamScan.unsuccessfulbuild".
         Touching "Debug\GrahamScan.lastbuildstate".
     1>Done Building Project "C:\Users\u7ashtuk\Desktop\Files\AlgorithmsOld\GrahamScan\GrahamScan.vcxproj" (build target(s)).

Build succeeded.

Time Elapsed 00:00:00.65
