Build started 7/9/2015 9:19:56 AM.
     1>Project "C:\Users\u7ashtuk\Desktop\Files\AlgorithmsOld\Algorithms\Algorithms.vcxproj" on node 2 (build target(s)).
     1>InitializeBuildStatus:
         Creating "Debug\Algorithms.unsuccessfulbuild" because "AlwaysCreate" was specified.
       ClCompile:
         c:\Program Files (x86)\Microsoft Visual Studio 10.0\VC\bin\CL.exe /c /ZI /nologo /W3 /WX- /Od /Oy- /D WIN32 /D _DEBUG /D _CONSOLE /D _UNICODE /D UNICODE /Gm /EHsc /RTC1 /MDd /GS /fp:precise /Zc:wchar_t /Zc:forScope /Yc"StdAfx.h" /Fp"Debug\Algorithms.pch" /Fo"Debug\\" /Fd"Debug\vc100.pdb" /Gd /TP /analyze- /errorReport:prompt stdafx.cpp
         stdafx.cpp
         c:\Program Files (x86)\Microsoft Visual Studio 10.0\VC\bin\CL.exe /c /ZI /nologo /W3 /WX- /Od /Oy- /D WIN32 /D _DEBUG /D _CONSOLE /D _UNICODE /D UNICODE /Gm /EHsc /RTC1 /MDd /GS /fp:precise /Zc:wchar_t /Zc:forScope /Yu"StdAfx.h" /Fp"Debug\Algorithms.pch" /Fo"Debug\\" /Fd"Debug\vc100.pdb" /Gd /TP /analyze- /errorReport:prompt Algorithms.cpp
         Algorithms.cpp
       ManifestResourceCompile:
         C:\Program Files (x86)\Microsoft SDKs\Windows\v7.0A\bin\rc.exe /nologo /fo"Debug\Algorithms.exe.embed.manifest.res" Debug\Algorithms_manifest.rc 
       Link:
         c:\Program Files (x86)\Microsoft Visual Studio 10.0\VC\bin\link.exe /ERRORREPORT:PROMPT /OUT:"C:\Users\u7ashtuk\Desktop\Files\AlgorithmsOld\Debug\Algorithms.exe" /INCREMENTAL /NOLOGO kernel32.lib user32.lib gdi32.lib winspool.lib comdlg32.lib advapi32.lib shell32.lib ole32.lib oleaut32.lib uuid.lib odbc32.lib odbccp32.lib /MANIFEST /ManifestFile:"Debug\Algorithms.exe.intermediate.manifest" /MANIFESTUAC:"level='asInvoker' uiAccess='false'" /DEBUG /PDB:"C:\Users\u7ashtuk\Desktop\Files\AlgorithmsOld\Debug\Algorithms.pdb" /SUBSYSTEM:CONSOLE /TLBID:1 /DYNAMICBASE /NXCOMPAT /IMPLIB:"C:\Users\u7ashtuk\Desktop\Files\AlgorithmsOld\Debug\Algorithms.lib" /MACHINE:X86 Debug\Algorithms.exe.embed.manifest.res
         Debug\Algorithms.obj
         Debug\stdafx.obj
       Manifest:
         C:\Program Files (x86)\Microsoft SDKs\Windows\v7.0A\bin\mt.exe /nologo /verbose /out:"Debug\Algorithms.exe.embed.manifest" /manifest Debug\Algorithms.exe.intermediate.manifest
         All outputs are up-to-date.
       LinkEmbedManifest:
         All outputs are up-to-date.
         Algorithms.vcxproj -> C:\Users\u7ashtuk\Desktop\Files\AlgorithmsOld\Debug\Algorithms.exe
       FinalizeBuildStatus:
         Deleting file "Debug\Algorithms.unsuccessfulbuild".
         Touching "Debug\Algorithms.lastbuildstate".
     1>Done Building Project "C:\Users\u7ashtuk\Desktop\Files\AlgorithmsOld\Algorithms\Algorithms.vcxproj" (build target(s)).

Build succeeded.

Time Elapsed 00:00:01.08
